find_header: checking for sqlite3.h... -------------------- yes

"/Users/joelturnbull/Developer/bin/gcc-4.2 -o conftest -I/Users/joelturnbull/Developer/.rbenv/versions/1.9.2-p290/include/ruby-1.9.1/x86_64-darwin12.1.0 -I/Users/joelturnbull/Developer/.rbenv/versions/1.9.2-p290/include/ruby-1.9.1/ruby/backward -I/Users/joelturnbull/Developer/.rbenv/versions/1.9.2-p290/include/ruby-1.9.1 -I. -I'/Users/joelturnbull/Developer/.rbenv/versions/1.9.2-p290/include' -I/Users/joelturnbull/Developer/include -I/opt/X11/include -D_XOPEN_SOURCE -D_DARWIN_C_SOURCE  -I'/Users/joelturnbull/Developer/.rbenv/versions/1.9.2-p290/include' -I/Users/joelturnbull/Developer/include -I/opt/X11/include -I/Users/joelturnbull/Developer/include -I/opt/X11/include conftest.c  -L. -L/Users/joelturnbull/Developer/.rbenv/versions/1.9.2-p290/lib -L/Users/joelturnbull/Developer/lib -L/opt/X11/lib     -lruby-static  -lpthread -ldl -lobjc "
checked program was:
/* begin */
1: #include "ruby.h"
2: 
3: int main() {return 0;}
/* end */

"/Users/joelturnbull/Developer/bin/gcc-4.2 -E -I/Users/joelturnbull/Developer/.rbenv/versions/1.9.2-p290/include/ruby-1.9.1/x86_64-darwin12.1.0 -I/Users/joelturnbull/Developer/.rbenv/versions/1.9.2-p290/include/ruby-1.9.1/ruby/backward -I/Users/joelturnbull/Developer/.rbenv/versions/1.9.2-p290/include/ruby-1.9.1 -I. -I'/Users/joelturnbull/Developer/.rbenv/versions/1.9.2-p290/include' -I/Users/joelturnbull/Developer/include -I/opt/X11/include -D_XOPEN_SOURCE -D_DARWIN_C_SOURCE  -I'/Users/joelturnbull/Developer/.rbenv/versions/1.9.2-p290/include' -I/Users/joelturnbull/Developer/include -I/opt/X11/include -I/Users/joelturnbull/Developer/include -I/opt/X11/include  conftest.c -o conftest.i"
checked program was:
/* begin */
1: #include "ruby.h"
2: 
3: #include <sqlite3.h>
/* end */

--------------------

find_library: checking for sqlite3_libversion_number() in -lsqlite3... -------------------- yes

"/Users/joelturnbull/Developer/bin/gcc-4.2 -o conftest -I/Users/joelturnbull/Developer/.rbenv/versions/1.9.2-p290/include/ruby-1.9.1/x86_64-darwin12.1.0 -I/Users/joelturnbull/Developer/.rbenv/versions/1.9.2-p290/include/ruby-1.9.1/ruby/backward -I/Users/joelturnbull/Developer/.rbenv/versions/1.9.2-p290/include/ruby-1.9.1 -I. -I'/Users/joelturnbull/Developer/.rbenv/versions/1.9.2-p290/include' -I/Users/joelturnbull/Developer/include -I/opt/X11/include -D_XOPEN_SOURCE -D_DARWIN_C_SOURCE  -I'/Users/joelturnbull/Developer/.rbenv/versions/1.9.2-p290/include' -I/Users/joelturnbull/Developer/include -I/opt/X11/include -I/Users/joelturnbull/Developer/include -I/opt/X11/include conftest.c  -L. -L/Users/joelturnbull/Developer/.rbenv/versions/1.9.2-p290/lib -L/Users/joelturnbull/Developer/lib -L/opt/X11/lib     -lruby-static -lsqlite3  -lpthread -ldl -lobjc "
conftest.c: In function ‘t’:
conftest.c:5: error: ‘sqlite3_libversion_number’ undeclared (first use in this function)
conftest.c:5: error: (Each undeclared identifier is reported only once
conftest.c:5: error: for each function it appears in.)
checked program was:
/* begin */
1: #include "ruby.h"
2: 
3: /*top*/
4: int main() {return 0;}
5: int t() { void ((*volatile p)()); p = (void ((*)()))sqlite3_libversion_number; return 0; }
/* end */

"/Users/joelturnbull/Developer/bin/gcc-4.2 -o conftest -I/Users/joelturnbull/Developer/.rbenv/versions/1.9.2-p290/include/ruby-1.9.1/x86_64-darwin12.1.0 -I/Users/joelturnbull/Developer/.rbenv/versions/1.9.2-p290/include/ruby-1.9.1/ruby/backward -I/Users/joelturnbull/Developer/.rbenv/versions/1.9.2-p290/include/ruby-1.9.1 -I. -I'/Users/joelturnbull/Developer/.rbenv/versions/1.9.2-p290/include' -I/Users/joelturnbull/Developer/include -I/opt/X11/include -D_XOPEN_SOURCE -D_DARWIN_C_SOURCE  -I'/Users/joelturnbull/Developer/.rbenv/versions/1.9.2-p290/include' -I/Users/joelturnbull/Developer/include -I/opt/X11/include -I/Users/joelturnbull/Developer/include -I/opt/X11/include conftest.c  -L. -L/Users/joelturnbull/Developer/.rbenv/versions/1.9.2-p290/lib -L/Users/joelturnbull/Developer/lib -L/opt/X11/lib     -lruby-static -lsqlite3  -lpthread -ldl -lobjc "
checked program was:
/* begin */
1: #include "ruby.h"
2: 
3: /*top*/
4: int main() {return 0;}
5: int t() { sqlite3_libversion_number(); return 0; }
/* end */

--------------------

have_func: checking for rb_proc_arity()... -------------------- yes

"/Users/joelturnbull/Developer/bin/gcc-4.2 -o conftest -I/Users/joelturnbull/Developer/.rbenv/versions/1.9.2-p290/include/ruby-1.9.1/x86_64-darwin12.1.0 -I/Users/joelturnbull/Developer/.rbenv/versions/1.9.2-p290/include/ruby-1.9.1/ruby/backward -I/Users/joelturnbull/Developer/.rbenv/versions/1.9.2-p290/include/ruby-1.9.1 -I. -I'/Users/joelturnbull/Developer/.rbenv/versions/1.9.2-p290/include' -I/Users/joelturnbull/Developer/include -I/opt/X11/include -D_XOPEN_SOURCE -D_DARWIN_C_SOURCE  -I'/Users/joelturnbull/Developer/.rbenv/versions/1.9.2-p290/include' -I/Users/joelturnbull/Developer/include -I/opt/X11/include -I/Users/joelturnbull/Developer/include -I/opt/X11/include conftest.c  -L. -L/Users/joelturnbull/Developer/.rbenv/versions/1.9.2-p290/lib -L/Users/joelturnbull/Developer/lib -L/opt/X11/lib    -lsqlite3  -lruby-static -lsqlite3  -lpthread -ldl -lobjc "
checked program was:
/* begin */
1: #include "ruby.h"
2: 
3: /*top*/
4: int main() {return 0;}
5: int t() { void ((*volatile p)()); p = (void ((*)()))rb_proc_arity; return 0; }
/* end */

--------------------

have_func: checking for sqlite3_initialize()... -------------------- yes

"/Users/joelturnbull/Developer/bin/gcc-4.2 -o conftest -I/Users/joelturnbull/Developer/.rbenv/versions/1.9.2-p290/include/ruby-1.9.1/x86_64-darwin12.1.0 -I/Users/joelturnbull/Developer/.rbenv/versions/1.9.2-p290/include/ruby-1.9.1/ruby/backward -I/Users/joelturnbull/Developer/.rbenv/versions/1.9.2-p290/include/ruby-1.9.1 -I. -I'/Users/joelturnbull/Developer/.rbenv/versions/1.9.2-p290/include' -I/Users/joelturnbull/Developer/include -I/opt/X11/include -D_XOPEN_SOURCE -D_DARWIN_C_SOURCE  -I'/Users/joelturnbull/Developer/.rbenv/versions/1.9.2-p290/include' -I/Users/joelturnbull/Developer/include -I/opt/X11/include -I/Users/joelturnbull/Developer/include -I/opt/X11/include conftest.c  -L. -L/Users/joelturnbull/Developer/.rbenv/versions/1.9.2-p290/lib -L/Users/joelturnbull/Developer/lib -L/opt/X11/lib    -lsqlite3  -lruby-static -lsqlite3  -lpthread -ldl -lobjc "
conftest.c: In function ‘t’:
conftest.c:5: error: ‘sqlite3_initialize’ undeclared (first use in this function)
conftest.c:5: error: (Each undeclared identifier is reported only once
conftest.c:5: error: for each function it appears in.)
checked program was:
/* begin */
1: #include "ruby.h"
2: 
3: /*top*/
4: int main() {return 0;}
5: int t() { void ((*volatile p)()); p = (void ((*)()))sqlite3_initialize; return 0; }
/* end */

"/Users/joelturnbull/Developer/bin/gcc-4.2 -o conftest -I/Users/joelturnbull/Developer/.rbenv/versions/1.9.2-p290/include/ruby-1.9.1/x86_64-darwin12.1.0 -I/Users/joelturnbull/Developer/.rbenv/versions/1.9.2-p290/include/ruby-1.9.1/ruby/backward -I/Users/joelturnbull/Developer/.rbenv/versions/1.9.2-p290/include/ruby-1.9.1 -I. -I'/Users/joelturnbull/Developer/.rbenv/versions/1.9.2-p290/include' -I/Users/joelturnbull/Developer/include -I/opt/X11/include -D_XOPEN_SOURCE -D_DARWIN_C_SOURCE  -I'/Users/joelturnbull/Developer/.rbenv/versions/1.9.2-p290/include' -I/Users/joelturnbull/Developer/include -I/opt/X11/include -I/Users/joelturnbull/Developer/include -I/opt/X11/include conftest.c  -L. -L/Users/joelturnbull/Developer/.rbenv/versions/1.9.2-p290/lib -L/Users/joelturnbull/Developer/lib -L/opt/X11/lib    -lsqlite3  -lruby-static -lsqlite3  -lpthread -ldl -lobjc "
checked program was:
/* begin */
1: #include "ruby.h"
2: 
3: /*top*/
4: int main() {return 0;}
5: int t() { sqlite3_initialize(); return 0; }
/* end */

--------------------

have_func: checking for sqlite3_backup_init()... -------------------- yes

"/Users/joelturnbull/Developer/bin/gcc-4.2 -o conftest -I/Users/joelturnbull/Developer/.rbenv/versions/1.9.2-p290/include/ruby-1.9.1/x86_64-darwin12.1.0 -I/Users/joelturnbull/Developer/.rbenv/versions/1.9.2-p290/include/ruby-1.9.1/ruby/backward -I/Users/joelturnbull/Developer/.rbenv/versions/1.9.2-p290/include/ruby-1.9.1 -I. -I'/Users/joelturnbull/Developer/.rbenv/versions/1.9.2-p290/include' -I/Users/joelturnbull/Developer/include -I/opt/X11/include -D_XOPEN_SOURCE -D_DARWIN_C_SOURCE  -I'/Users/joelturnbull/Developer/.rbenv/versions/1.9.2-p290/include' -I/Users/joelturnbull/Developer/include -I/opt/X11/include -I/Users/joelturnbull/Developer/include -I/opt/X11/include conftest.c  -L. -L/Users/joelturnbull/Developer/.rbenv/versions/1.9.2-p290/lib -L/Users/joelturnbull/Developer/lib -L/opt/X11/lib    -lsqlite3  -lruby-static -lsqlite3  -lpthread -ldl -lobjc "
conftest.c: In function ‘t’:
conftest.c:5: error: ‘sqlite3_backup_init’ undeclared (first use in this function)
conftest.c:5: error: (Each undeclared identifier is reported only once
conftest.c:5: error: for each function it appears in.)
checked program was:
/* begin */
1: #include "ruby.h"
2: 
3: /*top*/
4: int main() {return 0;}
5: int t() { void ((*volatile p)()); p = (void ((*)()))sqlite3_backup_init; return 0; }
/* end */

"/Users/joelturnbull/Developer/bin/gcc-4.2 -o conftest -I/Users/joelturnbull/Developer/.rbenv/versions/1.9.2-p290/include/ruby-1.9.1/x86_64-darwin12.1.0 -I/Users/joelturnbull/Developer/.rbenv/versions/1.9.2-p290/include/ruby-1.9.1/ruby/backward -I/Users/joelturnbull/Developer/.rbenv/versions/1.9.2-p290/include/ruby-1.9.1 -I. -I'/Users/joelturnbull/Developer/.rbenv/versions/1.9.2-p290/include' -I/Users/joelturnbull/Developer/include -I/opt/X11/include -D_XOPEN_SOURCE -D_DARWIN_C_SOURCE  -I'/Users/joelturnbull/Developer/.rbenv/versions/1.9.2-p290/include' -I/Users/joelturnbull/Developer/include -I/opt/X11/include -I/Users/joelturnbull/Developer/include -I/opt/X11/include conftest.c  -L. -L/Users/joelturnbull/Developer/.rbenv/versions/1.9.2-p290/lib -L/Users/joelturnbull/Developer/lib -L/opt/X11/lib    -lsqlite3  -lruby-static -lsqlite3  -lpthread -ldl -lobjc "
checked program was:
/* begin */
1: #include "ruby.h"
2: 
3: /*top*/
4: int main() {return 0;}
5: int t() { sqlite3_backup_init(); return 0; }
/* end */

--------------------

have_func: checking for sqlite3_column_database_name()... -------------------- yes

"/Users/joelturnbull/Developer/bin/gcc-4.2 -o conftest -I/Users/joelturnbull/Developer/.rbenv/versions/1.9.2-p290/include/ruby-1.9.1/x86_64-darwin12.1.0 -I/Users/joelturnbull/Developer/.rbenv/versions/1.9.2-p290/include/ruby-1.9.1/ruby/backward -I/Users/joelturnbull/Developer/.rbenv/versions/1.9.2-p290/include/ruby-1.9.1 -I. -I'/Users/joelturnbull/Developer/.rbenv/versions/1.9.2-p290/include' -I/Users/joelturnbull/Developer/include -I/opt/X11/include -D_XOPEN_SOURCE -D_DARWIN_C_SOURCE  -I'/Users/joelturnbull/Developer/.rbenv/versions/1.9.2-p290/include' -I/Users/joelturnbull/Developer/include -I/opt/X11/include -I/Users/joelturnbull/Developer/include -I/opt/X11/include conftest.c  -L. -L/Users/joelturnbull/Developer/.rbenv/versions/1.9.2-p290/lib -L/Users/joelturnbull/Developer/lib -L/opt/X11/lib    -lsqlite3  -lruby-static -lsqlite3  -lpthread -ldl -lobjc "
conftest.c: In function ‘t’:
conftest.c:5: error: ‘sqlite3_column_database_name’ undeclared (first use in this function)
conftest.c:5: error: (Each undeclared identifier is reported only once
conftest.c:5: error: for each function it appears in.)
checked program was:
/* begin */
1: #include "ruby.h"
2: 
3: /*top*/
4: int main() {return 0;}
5: int t() { void ((*volatile p)()); p = (void ((*)()))sqlite3_column_database_name; return 0; }
/* end */

"/Users/joelturnbull/Developer/bin/gcc-4.2 -o conftest -I/Users/joelturnbull/Developer/.rbenv/versions/1.9.2-p290/include/ruby-1.9.1/x86_64-darwin12.1.0 -I/Users/joelturnbull/Developer/.rbenv/versions/1.9.2-p290/include/ruby-1.9.1/ruby/backward -I/Users/joelturnbull/Developer/.rbenv/versions/1.9.2-p290/include/ruby-1.9.1 -I. -I'/Users/joelturnbull/Developer/.rbenv/versions/1.9.2-p290/include' -I/Users/joelturnbull/Developer/include -I/opt/X11/include -D_XOPEN_SOURCE -D_DARWIN_C_SOURCE  -I'/Users/joelturnbull/Developer/.rbenv/versions/1.9.2-p290/include' -I/Users/joelturnbull/Developer/include -I/opt/X11/include -I/Users/joelturnbull/Developer/include -I/opt/X11/include conftest.c  -L. -L/Users/joelturnbull/Developer/.rbenv/versions/1.9.2-p290/lib -L/Users/joelturnbull/Developer/lib -L/opt/X11/lib    -lsqlite3  -lruby-static -lsqlite3  -lpthread -ldl -lobjc "
checked program was:
/* begin */
1: #include "ruby.h"
2: 
3: /*top*/
4: int main() {return 0;}
5: int t() { sqlite3_column_database_name(); return 0; }
/* end */

--------------------

have_func: checking for sqlite3_enable_load_extension()... -------------------- yes

"/Users/joelturnbull/Developer/bin/gcc-4.2 -o conftest -I/Users/joelturnbull/Developer/.rbenv/versions/1.9.2-p290/include/ruby-1.9.1/x86_64-darwin12.1.0 -I/Users/joelturnbull/Developer/.rbenv/versions/1.9.2-p290/include/ruby-1.9.1/ruby/backward -I/Users/joelturnbull/Developer/.rbenv/versions/1.9.2-p290/include/ruby-1.9.1 -I. -I'/Users/joelturnbull/Developer/.rbenv/versions/1.9.2-p290/include' -I/Users/joelturnbull/Developer/include -I/opt/X11/include -D_XOPEN_SOURCE -D_DARWIN_C_SOURCE  -I'/Users/joelturnbull/Developer/.rbenv/versions/1.9.2-p290/include' -I/Users/joelturnbull/Developer/include -I/opt/X11/include -I/Users/joelturnbull/Developer/include -I/opt/X11/include conftest.c  -L. -L/Users/joelturnbull/Developer/.rbenv/versions/1.9.2-p290/lib -L/Users/joelturnbull/Developer/lib -L/opt/X11/lib    -lsqlite3  -lruby-static -lsqlite3  -lpthread -ldl -lobjc "
conftest.c: In function ‘t’:
conftest.c:5: error: ‘sqlite3_enable_load_extension’ undeclared (first use in this function)
conftest.c:5: error: (Each undeclared identifier is reported only once
conftest.c:5: error: for each function it appears in.)
checked program was:
/* begin */
1: #include "ruby.h"
2: 
3: /*top*/
4: int main() {return 0;}
5: int t() { void ((*volatile p)()); p = (void ((*)()))sqlite3_enable_load_extension; return 0; }
/* end */

"/Users/joelturnbull/Developer/bin/gcc-4.2 -o conftest -I/Users/joelturnbull/Developer/.rbenv/versions/1.9.2-p290/include/ruby-1.9.1/x86_64-darwin12.1.0 -I/Users/joelturnbull/Developer/.rbenv/versions/1.9.2-p290/include/ruby-1.9.1/ruby/backward -I/Users/joelturnbull/Developer/.rbenv/versions/1.9.2-p290/include/ruby-1.9.1 -I. -I'/Users/joelturnbull/Developer/.rbenv/versions/1.9.2-p290/include' -I/Users/joelturnbull/Developer/include -I/opt/X11/include -D_XOPEN_SOURCE -D_DARWIN_C_SOURCE  -I'/Users/joelturnbull/Developer/.rbenv/versions/1.9.2-p290/include' -I/Users/joelturnbull/Developer/include -I/opt/X11/include -I/Users/joelturnbull/Developer/include -I/opt/X11/include conftest.c  -L. -L/Users/joelturnbull/Developer/.rbenv/versions/1.9.2-p290/lib -L/Users/joelturnbull/Developer/lib -L/opt/X11/lib    -lsqlite3  -lruby-static -lsqlite3  -lpthread -ldl -lobjc "
checked program was:
/* begin */
1: #include "ruby.h"
2: 
3: /*top*/
4: int main() {return 0;}
5: int t() { sqlite3_enable_load_extension(); return 0; }
/* end */

--------------------

have_func: checking for sqlite3_load_extension()... -------------------- yes

"/Users/joelturnbull/Developer/bin/gcc-4.2 -o conftest -I/Users/joelturnbull/Developer/.rbenv/versions/1.9.2-p290/include/ruby-1.9.1/x86_64-darwin12.1.0 -I/Users/joelturnbull/Developer/.rbenv/versions/1.9.2-p290/include/ruby-1.9.1/ruby/backward -I/Users/joelturnbull/Developer/.rbenv/versions/1.9.2-p290/include/ruby-1.9.1 -I. -I'/Users/joelturnbull/Developer/.rbenv/versions/1.9.2-p290/include' -I/Users/joelturnbull/Developer/include -I/opt/X11/include -D_XOPEN_SOURCE -D_DARWIN_C_SOURCE  -I'/Users/joelturnbull/Developer/.rbenv/versions/1.9.2-p290/include' -I/Users/joelturnbull/Developer/include -I/opt/X11/include -I/Users/joelturnbull/Developer/include -I/opt/X11/include conftest.c  -L. -L/Users/joelturnbull/Developer/.rbenv/versions/1.9.2-p290/lib -L/Users/joelturnbull/Developer/lib -L/opt/X11/lib    -lsqlite3  -lruby-static -lsqlite3  -lpthread -ldl -lobjc "
conftest.c: In function ‘t’:
conftest.c:5: error: ‘sqlite3_load_extension’ undeclared (first use in this function)
conftest.c:5: error: (Each undeclared identifier is reported only once
conftest.c:5: error: for each function it appears in.)
checked program was:
/* begin */
1: #include "ruby.h"
2: 
3: /*top*/
4: int main() {return 0;}
5: int t() { void ((*volatile p)()); p = (void ((*)()))sqlite3_load_extension; return 0; }
/* end */

"/Users/joelturnbull/Developer/bin/gcc-4.2 -o conftest -I/Users/joelturnbull/Developer/.rbenv/versions/1.9.2-p290/include/ruby-1.9.1/x86_64-darwin12.1.0 -I/Users/joelturnbull/Developer/.rbenv/versions/1.9.2-p290/include/ruby-1.9.1/ruby/backward -I/Users/joelturnbull/Developer/.rbenv/versions/1.9.2-p290/include/ruby-1.9.1 -I. -I'/Users/joelturnbull/Developer/.rbenv/versions/1.9.2-p290/include' -I/Users/joelturnbull/Developer/include -I/opt/X11/include -D_XOPEN_SOURCE -D_DARWIN_C_SOURCE  -I'/Users/joelturnbull/Developer/.rbenv/versions/1.9.2-p290/include' -I/Users/joelturnbull/Developer/include -I/opt/X11/include -I/Users/joelturnbull/Developer/include -I/opt/X11/include conftest.c  -L. -L/Users/joelturnbull/Developer/.rbenv/versions/1.9.2-p290/lib -L/Users/joelturnbull/Developer/lib -L/opt/X11/lib    -lsqlite3  -lruby-static -lsqlite3  -lpthread -ldl -lobjc "
checked program was:
/* begin */
1: #include "ruby.h"
2: 
3: /*top*/
4: int main() {return 0;}
5: int t() { sqlite3_load_extension(); return 0; }
/* end */

--------------------

have_func: checking for sqlite3_open_v2()... -------------------- yes

"/Users/joelturnbull/Developer/bin/gcc-4.2 -o conftest -I/Users/joelturnbull/Developer/.rbenv/versions/1.9.2-p290/include/ruby-1.9.1/x86_64-darwin12.1.0 -I/Users/joelturnbull/Developer/.rbenv/versions/1.9.2-p290/include/ruby-1.9.1/ruby/backward -I/Users/joelturnbull/Developer/.rbenv/versions/1.9.2-p290/include/ruby-1.9.1 -I. -I'/Users/joelturnbull/Developer/.rbenv/versions/1.9.2-p290/include' -I/Users/joelturnbull/Developer/include -I/opt/X11/include -D_XOPEN_SOURCE -D_DARWIN_C_SOURCE  -I'/Users/joelturnbull/Developer/.rbenv/versions/1.9.2-p290/include' -I/Users/joelturnbull/Developer/include -I/opt/X11/include -I/Users/joelturnbull/Developer/include -I/opt/X11/include conftest.c  -L. -L/Users/joelturnbull/Developer/.rbenv/versions/1.9.2-p290/lib -L/Users/joelturnbull/Developer/lib -L/opt/X11/lib    -lsqlite3  -lruby-static -lsqlite3  -lpthread -ldl -lobjc "
conftest.c: In function ‘t’:
conftest.c:5: error: ‘sqlite3_open_v2’ undeclared (first use in this function)
conftest.c:5: error: (Each undeclared identifier is reported only once
conftest.c:5: error: for each function it appears in.)
checked program was:
/* begin */
1: #include "ruby.h"
2: 
3: /*top*/
4: int main() {return 0;}
5: int t() { void ((*volatile p)()); p = (void ((*)()))sqlite3_open_v2; return 0; }
/* end */

"/Users/joelturnbull/Developer/bin/gcc-4.2 -o conftest -I/Users/joelturnbull/Developer/.rbenv/versions/1.9.2-p290/include/ruby-1.9.1/x86_64-darwin12.1.0 -I/Users/joelturnbull/Developer/.rbenv/versions/1.9.2-p290/include/ruby-1.9.1/ruby/backward -I/Users/joelturnbull/Developer/.rbenv/versions/1.9.2-p290/include/ruby-1.9.1 -I. -I'/Users/joelturnbull/Developer/.rbenv/versions/1.9.2-p290/include' -I/Users/joelturnbull/Developer/include -I/opt/X11/include -D_XOPEN_SOURCE -D_DARWIN_C_SOURCE  -I'/Users/joelturnbull/Developer/.rbenv/versions/1.9.2-p290/include' -I/Users/joelturnbull/Developer/include -I/opt/X11/include -I/Users/joelturnbull/Developer/include -I/opt/X11/include conftest.c  -L. -L/Users/joelturnbull/Developer/.rbenv/versions/1.9.2-p290/lib -L/Users/joelturnbull/Developer/lib -L/opt/X11/lib    -lsqlite3  -lruby-static -lsqlite3  -lpthread -ldl -lobjc "
checked program was:
/* begin */
1: #include "ruby.h"
2: 
3: /*top*/
4: int main() {return 0;}
5: int t() { sqlite3_open_v2(); return 0; }
/* end */

--------------------

have_func: checking for sqlite3_prepare_v2()... -------------------- yes

"/Users/joelturnbull/Developer/bin/gcc-4.2 -o conftest -I/Users/joelturnbull/Developer/.rbenv/versions/1.9.2-p290/include/ruby-1.9.1/x86_64-darwin12.1.0 -I/Users/joelturnbull/Developer/.rbenv/versions/1.9.2-p290/include/ruby-1.9.1/ruby/backward -I/Users/joelturnbull/Developer/.rbenv/versions/1.9.2-p290/include/ruby-1.9.1 -I. -I'/Users/joelturnbull/Developer/.rbenv/versions/1.9.2-p290/include' -I/Users/joelturnbull/Developer/include -I/opt/X11/include -D_XOPEN_SOURCE -D_DARWIN_C_SOURCE  -I'/Users/joelturnbull/Developer/.rbenv/versions/1.9.2-p290/include' -I/Users/joelturnbull/Developer/include -I/opt/X11/include -I/Users/joelturnbull/Developer/include -I/opt/X11/include conftest.c  -L. -L/Users/joelturnbull/Developer/.rbenv/versions/1.9.2-p290/lib -L/Users/joelturnbull/Developer/lib -L/opt/X11/lib    -lsqlite3  -lruby-static -lsqlite3  -lpthread -ldl -lobjc "
conftest.c: In function ‘t’:
conftest.c:5: error: ‘sqlite3_prepare_v2’ undeclared (first use in this function)
conftest.c:5: error: (Each undeclared identifier is reported only once
conftest.c:5: error: for each function it appears in.)
checked program was:
/* begin */
1: #include "ruby.h"
2: 
3: /*top*/
4: int main() {return 0;}
5: int t() { void ((*volatile p)()); p = (void ((*)()))sqlite3_prepare_v2; return 0; }
/* end */

"/Users/joelturnbull/Developer/bin/gcc-4.2 -o conftest -I/Users/joelturnbull/Developer/.rbenv/versions/1.9.2-p290/include/ruby-1.9.1/x86_64-darwin12.1.0 -I/Users/joelturnbull/Developer/.rbenv/versions/1.9.2-p290/include/ruby-1.9.1/ruby/backward -I/Users/joelturnbull/Developer/.rbenv/versions/1.9.2-p290/include/ruby-1.9.1 -I. -I'/Users/joelturnbull/Developer/.rbenv/versions/1.9.2-p290/include' -I/Users/joelturnbull/Developer/include -I/opt/X11/include -D_XOPEN_SOURCE -D_DARWIN_C_SOURCE  -I'/Users/joelturnbull/Developer/.rbenv/versions/1.9.2-p290/include' -I/Users/joelturnbull/Developer/include -I/opt/X11/include -I/Users/joelturnbull/Developer/include -I/opt/X11/include conftest.c  -L. -L/Users/joelturnbull/Developer/.rbenv/versions/1.9.2-p290/lib -L/Users/joelturnbull/Developer/lib -L/opt/X11/lib    -lsqlite3  -lruby-static -lsqlite3  -lpthread -ldl -lobjc "
checked program was:
/* begin */
1: #include "ruby.h"
2: 
3: /*top*/
4: int main() {return 0;}
5: int t() { sqlite3_prepare_v2(); return 0; }
/* end */

--------------------

have_type: checking for sqlite3_int64 in sqlite3.h... -------------------- yes

"/Users/joelturnbull/Developer/bin/gcc-4.2 -I/Users/joelturnbull/Developer/.rbenv/versions/1.9.2-p290/include/ruby-1.9.1/x86_64-darwin12.1.0 -I/Users/joelturnbull/Developer/.rbenv/versions/1.9.2-p290/include/ruby-1.9.1/ruby/backward -I/Users/joelturnbull/Developer/.rbenv/versions/1.9.2-p290/include/ruby-1.9.1 -I. -I'/Users/joelturnbull/Developer/.rbenv/versions/1.9.2-p290/include' -I/Users/joelturnbull/Developer/include -I/opt/X11/include -D_XOPEN_SOURCE -D_DARWIN_C_SOURCE  -I'/Users/joelturnbull/Developer/.rbenv/versions/1.9.2-p290/include' -I/Users/joelturnbull/Developer/include -I/opt/X11/include -I/Users/joelturnbull/Developer/include -I/opt/X11/include   -c conftest.c"
checked program was:
/* begin */
1: #include "ruby.h"
2: 
3: #include <sqlite3.h>
4: 
5: /*top*/
6: typedef sqlite3_int64 conftest_type;
7: int conftestval[sizeof(conftest_type)?1:-1];
/* end */

--------------------

have_type: checking for sqlite3_uint64 in sqlite3.h... -------------------- yes

"/Users/joelturnbull/Developer/bin/gcc-4.2 -I/Users/joelturnbull/Developer/.rbenv/versions/1.9.2-p290/include/ruby-1.9.1/x86_64-darwin12.1.0 -I/Users/joelturnbull/Developer/.rbenv/versions/1.9.2-p290/include/ruby-1.9.1/ruby/backward -I/Users/joelturnbull/Developer/.rbenv/versions/1.9.2-p290/include/ruby-1.9.1 -I. -I'/Users/joelturnbull/Developer/.rbenv/versions/1.9.2-p290/include' -I/Users/joelturnbull/Developer/include -I/opt/X11/include -D_XOPEN_SOURCE -D_DARWIN_C_SOURCE  -I'/Users/joelturnbull/Developer/.rbenv/versions/1.9.2-p290/include' -I/Users/joelturnbull/Developer/include -I/opt/X11/include -I/Users/joelturnbull/Developer/include -I/opt/X11/include   -c conftest.c"
checked program was:
/* begin */
1: #include "ruby.h"
2: 
3: #include <sqlite3.h>
4: 
5: /*top*/
6: typedef sqlite3_uint64 conftest_type;
7: int conftestval[sizeof(conftest_type)?1:-1];
/* end */

--------------------

